[debug] [2022-08-11T21:43:12.063Z] ----------------------------------------------------------------------
[debug] [2022-08-11T21:43:12.064Z] Command:       /Users/seunoshitade/.nvm/versions/node/v16.15.1/bin/node /Users/seunoshitade/.nvm/versions/node/v16.15.1/bin/firebase init
[debug] [2022-08-11T21:43:12.065Z] CLI Version:   11.3.0
[debug] [2022-08-11T21:43:12.065Z] Platform:      darwin
[debug] [2022-08-11T21:43:12.065Z] Node Version:  v16.15.1
[debug] [2022-08-11T21:43:12.066Z] Time:          Thu Aug 11 2022 15:43:12 GMT-0600 (Mountain Daylight Time)
[debug] [2022-08-11T21:43:12.067Z] ----------------------------------------------------------------------
[debug] 
[debug] [2022-08-11T21:43:12.119Z] > command requires scopes: ["email","openid","https://www.googleapis.com/auth/cloudplatformprojects.readonly","https://www.googleapis.com/auth/firebase","https://www.googleapis.com/auth/cloud-platform"]
[debug] [2022-08-11T21:43:12.119Z] > authorizing via signed-in user (seun.oshitade@gmail.com)
[info] 
     ######## #### ########  ######## ########     ###     ######  ########
     ##        ##  ##     ## ##       ##     ##  ##   ##  ##       ##
     ######    ##  ########  ######   ########  #########  ######  ######
     ##        ##  ##    ##  ##       ##     ## ##     ##       ## ##
     ##       #### ##     ## ######## ########  ##     ##  ######  ########

You're about to initialize a Firebase project in this directory:

  /Users/seunoshitade/lighthouse/2021-LHL/weeks/jabber

Before we get started, keep in mind:

  * You are initializing within an existing Firebase project directory

[info] 
=== Project Setup
[info] 
[info] First, let's associate this project directory with a Firebase project.
[info] You can create multiple project aliases by running firebase use --add, 
[info] but for now we'll just set up a default project.
[info] 
[debug] [2022-08-11T21:43:31.698Z] Using project from CLI flag: jabber-cd1e1
[debug] [2022-08-11T21:43:31.700Z] >>> [apiv2][query] GET https://firebase.googleapis.com/v1beta1/projects/jabber-cd1e1 [none]
[debug] [2022-08-11T21:43:31.999Z] <<< [apiv2][status] GET https://firebase.googleapis.com/v1beta1/projects/jabber-cd1e1 200
[debug] [2022-08-11T21:43:31.999Z] <<< [apiv2][body] GET https://firebase.googleapis.com/v1beta1/projects/jabber-cd1e1 {"projectId":"jabber-cd1e1","projectNumber":"960175764823","displayName":"jabber","name":"projects/jabber-cd1e1","resources":{"hostingSite":"jabber-cd1e1","storageBucket":"jabber-cd1e1.appspot.com","locationId":"us-central"},"state":"ACTIVE","etag":"1_8ad7b86b-9360-44ef-ad3b-250e5106c241"}
[info] i  Using project jabber-cd1e1 (jabber) 
[info] 
=== Functions Setup
[info] 
[info] A functions directory will be created in your project with sample code
[info] pre-configured. Functions can be deployed with firebase deploy.
[info] 
[debug] [2022-08-11T21:43:32.024Z] > command requires scopes: ["email","openid","https://www.googleapis.com/auth/cloudplatformprojects.readonly","https://www.googleapis.com/auth/firebase","https://www.googleapis.com/auth/cloud-platform"]
[debug] [2022-08-11T21:43:32.024Z] > authorizing via signed-in user (seun.oshitade@gmail.com)
[debug] [2022-08-11T21:43:32.024Z] [iam] checking project jabber-cd1e1 for permissions ["firebase.projects.get"]
[debug] [2022-08-11T21:43:32.025Z] >>> [apiv2][query] POST https://cloudresourcemanager.googleapis.com/v1/projects/jabber-cd1e1:testIamPermissions [none]
[debug] [2022-08-11T21:43:32.025Z] >>> [apiv2][body] POST https://cloudresourcemanager.googleapis.com/v1/projects/jabber-cd1e1:testIamPermissions {"permissions":["firebase.projects.get"]}
[debug] [2022-08-11T21:43:32.276Z] <<< [apiv2][status] POST https://cloudresourcemanager.googleapis.com/v1/projects/jabber-cd1e1:testIamPermissions 200
[debug] [2022-08-11T21:43:32.277Z] <<< [apiv2][body] POST https://cloudresourcemanager.googleapis.com/v1/projects/jabber-cd1e1:testIamPermissions {"permissions":["firebase.projects.get"]}
[debug] [2022-08-11T21:43:32.277Z] >>> [apiv2][query] GET https://serviceusage.googleapis.com/v1/projects/jabber-cd1e1/services/cloudfunctions.googleapis.com [none]
[debug] [2022-08-11T21:43:32.278Z] >>> [apiv2][query] GET https://serviceusage.googleapis.com/v1/projects/jabber-cd1e1/services/runtimeconfig.googleapis.com [none]
[debug] [2022-08-11T21:43:32.814Z] <<< [apiv2][status] GET https://serviceusage.googleapis.com/v1/projects/jabber-cd1e1/services/runtimeconfig.googleapis.com 200
[debug] [2022-08-11T21:43:32.814Z] <<< [apiv2][body] GET https://serviceusage.googleapis.com/v1/projects/jabber-cd1e1/services/runtimeconfig.googleapis.com [omitted]
[debug] [2022-08-11T21:43:32.816Z] <<< [apiv2][status] GET https://serviceusage.googleapis.com/v1/projects/jabber-cd1e1/services/cloudfunctions.googleapis.com 200
[debug] [2022-08-11T21:43:32.816Z] <<< [apiv2][body] GET https://serviceusage.googleapis.com/v1/projects/jabber-cd1e1/services/cloudfunctions.googleapis.com [omitted]
[info] i  Skipping write of functions/package.json 
[info] i  Skipping write of functions/index.js 
[info] i  Skipping write of functions/.gitignore 
[info] 
=== Hosting Setup
[info] 
[info] Your public directory is the folder (relative to your project directory) that
[info] will contain Hosting assets to be uploaded with firebase deploy. If you
[info] have a build process for your assets, use your build's output directory.
[info] 
[debug] [2022-08-11T21:44:53.915Z] >>> [apiv2][query] GET https://www.gstatic.com/firebasejs/releases.json [none]
[debug] [2022-08-11T21:44:54.050Z] <<< [apiv2][status] GET https://www.gstatic.com/firebasejs/releases.json 200
[debug] [2022-08-11T21:44:54.050Z] <<< [apiv2][body] GET https://www.gstatic.com/firebasejs/releases.json {"current":{"version":"9.9.2","browserURL":"https://www.gstatic.com/firebasejs/9.9.2/firebase.js","packageURL":"https://www.gstatic.com/firebasejs/9.9.2/firebase.tgz"},"live":{"version":"9.9","browserURL":"https://www.gstatic.com/firebasejs/live/9.9/firebase.js","packageURL":"https://www.gstatic.com/firebasejs/live/9.9/firebase.tgz"},"components":{"analytics":"https://www.gstatic.com/firebasejs/9.9.2/firebase-analytics.js","app":"https://www.gstatic.com/firebasejs/9.9.2/firebase-app.js","app-check":"https://www.gstatic.com/firebasejs/9.9.2/firebase-app-check.js","auth":"https://www.gstatic.com/firebasejs/9.9.2/firebase-auth.js","auth/cordova":"https://www.gstatic.com/firebasejs/9.9.2/firebase-auth/cordova.js","auth/react-native":"https://www.gstatic.com/firebasejs/9.9.2/firebase-auth/react-native.js","functions":"https://www.gstatic.com/firebasejs/9.9.2/firebase-functions.js","firestore":"https://www.gstatic.com/firebasejs/9.9.2/firebase-firestore.js","firestore/lite":"https://www.gstatic.com/firebasejs/9.9.2/firebase-firestore/lite.js","installations":"https://www.gstatic.com/firebasejs/9.9.2/firebase-installations.js","storage":"https://www.gstatic.com/firebasejs/9.9.2/firebase-storage.js","performance":"https://www.gstatic.com/firebasejs/9.9.2/firebase-performance.js","remote-config":"https://www.gstatic.com/firebasejs/9.9.2/firebase-remote-config.js","messaging":"https://www.gstatic.com/firebasejs/9.9.2/firebase-messaging.js","messaging/sw":"https://www.gstatic.com/firebasejs/9.9.2/firebase-messaging/sw.js","database":"https://www.gstatic.com/firebasejs/9.9.2/firebase-database.js","firestore.memory":"https://www.gstatic.com/firebasejs/9.9.2/firebase-firestore.memory.js"}}
[info] i  Skipping write of build/index.html 
[info] 
[info] i  Detected a .git folder at /Users/seunoshitade/lighthouse/2021-LHL/weeks/jabber 
[info] i  Authorizing with GitHub to upload your service account to a GitHub repository's secrets store. 
[info] 
[info] Visit this URL on this device to log in:
[info] https://github.com/login/oauth/authorize?client_id=89cf50f02ac6aaed3484&state=563613183&redirect_uri=http%3A%2F%2Flocalhost%3A9005&scope=read%3Auser%20repo%20public_repo
[info] 
[info] Waiting for authentication...
[debug] [2022-08-11T21:45:17.182Z] >>> [apiv2][query] POST https://github.com/login/oauth/access_token [none]
[debug] [2022-08-11T21:45:17.183Z] >>> [apiv2][body] POST https://github.com/login/oauth/access_token [stream]
[debug] [2022-08-11T21:45:17.550Z] <<< [apiv2][status] POST https://github.com/login/oauth/access_token 200
[debug] [2022-08-11T21:45:17.550Z] <<< [apiv2][body] POST https://github.com/login/oauth/access_token {"access_token":"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","token_type":"bearer","scope":"read:user,repo"}
[debug] [2022-08-11T21:45:17.555Z] >>> [apiv2][query] GET https://api.github.com/user [none]
[debug] [2022-08-11T21:45:17.926Z] <<< [apiv2][status] GET https://api.github.com/user 200
[debug] [2022-08-11T21:45:17.926Z] <<< [apiv2][body] GET https://api.github.com/user {"login":"s-oshitade","id":87016257,"node_id":"MDQ6VXNlcjg3MDE2MjU3","avatar_url":"https://avatars.githubusercontent.com/u/87016257?v=4","gravatar_id":"","url":"https://api.github.com/users/s-oshitade","html_url":"https://github.com/s-oshitade","followers_url":"https://api.github.com/users/s-oshitade/followers","following_url":"https://api.github.com/users/s-oshitade/following{/other_user}","gists_url":"https://api.github.com/users/s-oshitade/gists{/gist_id}","starred_url":"https://api.github.com/users/s-oshitade/starred{/owner}{/repo}","subscriptions_url":"https://api.github.com/users/s-oshitade/subscriptions","organizations_url":"https://api.github.com/users/s-oshitade/orgs","repos_url":"https://api.github.com/users/s-oshitade/repos","events_url":"https://api.github.com/users/s-oshitade/events{/privacy}","received_events_url":"https://api.github.com/users/s-oshitade/received_events","type":"User","site_admin":false,"name":"Seun Oshitade","company":null,"blog":"","location":"Canada","email":null,"hireable":null,"bio":null,"twitter_username":null,"public_repos":57,"public_gists":2,"followers":10,"following":10,"created_at":"2021-07-06T11:20:51Z","updated_at":"2022-07-22T18:29:11Z","private_gists":40,"total_private_repos":44,"owned_private_repos":44,"disk_usage":65382,"collaborators":2,"two_factor_authentication":false,"plan":{"name":"pro","space":976562499,"collaborators":0,"private_repos":9999}}
[info] 
[info] ✔  Success! Logged into GitHub as s-oshitade 
[info] 
